----------

Wed Aug 21 2024 09:00:47 GMT+0800 (Philippine Standard Time)

'git' is not recognized as an internal or external command,
operable program or batch file.


----------

Wed Aug 21 2024 09:00:47 GMT+0800 (Philippine Standard Time)

'git' is not recognized as an internal or external command,
operable program or batch file.


----------

Wed Aug 21 2024 09:00:47 GMT+0800 (Philippine Standard Time)

'git' is not recognized as an internal or external command,
operable program or batch file.


----------

Wed Aug 21 2024 09:16:00 GMT+0800 (Philippine Standard Time)

'git' is not recognized as an internal or external command,
operable program or batch file.


----------

Wed Aug 21 2024 09:16:00 GMT+0800 (Philippine Standard Time)

'git' is not recognized as an internal or external command,
operable program or batch file.


----------

Wed Aug 21 2024 09:16:00 GMT+0800 (Philippine Standard Time)

'git' is not recognized as an internal or external command,
operable program or batch file.


----------

Wed Aug 21 2024 09:57:36 GMT+0800 (Philippine Standard Time)

'git' is not recognized as an internal or external command,
operable program or batch file.


----------

Wed Aug 21 2024 09:57:36 GMT+0800 (Philippine Standard Time)

'git' is not recognized as an internal or external command,
operable program or batch file.


----------

Wed Aug 21 2024 09:57:36 GMT+0800 (Philippine Standard Time)

'git' is not recognized as an internal or external command,
operable program or batch file.


----------

Wed Aug 21 2024 10:09:26 GMT+0800 (Philippine Standard Time)

warning: in the working copy of 'assets/bootstrap/css/bootstrap.min.css', LF will be replaced by CRLF the next time Git touches it


----------

Wed Aug 21 2024 10:09:26 GMT+0800 (Philippine Standard Time)

warning: in the working copy of 'assets/bootstrap/js/bootstrap.min.js', LF will be replaced by CRLF the next time Git touches it


----------

Wed Aug 21 2024 10:09:26 GMT+0800 (Philippine Standard Time)

warning: in the working copy of 'assets/js/jquery.min.js', LF will be replaced by CRLF the next time Git touches it


----------

Wed Aug 21 2024 10:09:26 GMT+0800 (Philippine Standard Time)

warning: in the working copy of 'error.log', LF will be replaced by CRLF the next time Git touches it


----------

Wed Aug 21 2024 10:09:26 GMT+0800 (Philippine Standard Time)

warning: in the working copy of 'listings.html', LF will be replaced by CRLF the next time Git touches it


----------

Wed Aug 21 2024 10:09:26 GMT+0800 (Philippine Standard Time)

warning: in the working copy of 'vehicles.html', LF will be replaced by CRLF the next time Git touches it


----------

Wed Aug 21 2024 10:09:27 GMT+0800 (Philippine Standard Time)

error: pathspec 'website' did not match any file(s) known to git
error: pathspec 'from' did not match any file(s) known to git
error: pathspec 'Bootstrap' did not match any file(s) known to git
error: pathspec 'Studio' did not match any file(s) known to git


----------

Wed Aug 21 2024 10:09:30 GMT+0800 (Philippine Standard Time)

Everything up-to-date


